https://ci.eclipse.org/openj9/job/Test_openjdk8_j9_extended.functional_x86-64_mac_Nightly_testList_0/261
TestFileLocking_SE80_0
```
[TestFileLocking] [ERROR] Locker process started
[TestFileLocking] [ERROR] blocking=true
[TestFileLocking] [ERROR] PROGRESS_WAITING
[TestFileLocking] [ERROR] Locker process blocking lock on /var/folders/rf/bxrn47l50p10w_c15gzhvjxm0000gn/T/lockDir/lockFile succeeded
[TestFileLocking] [ERROR] PROGRESS_LOCKED
[TestFileLocking] [ERROR] received stop
[TestFileLocking] [ERROR] Locker process stopping
[TestFileLocking] [ERROR] closing the lock file
[TestFileLocking] [ERROR] PROGRESS_TERMINATED
[TestFileLocking] [ERROR] Locker process started
[TestFileLocking] [ERROR] blocking=false
[TestFileLocking] [ERROR] Locker process non-blocking lock on /var/folders/rf/bxrn47l50p10w_c15gzhvjxm0000gn/T/lockDir/lockFile failed
[TestFileLocking] [ERROR] PROGRESS_LOCK_FAILED
[TestFileLocking] [ERROR] received stop
[TestFileLocking] [ERROR] Locker process stopping
[TestFileLocking] [ERROR] closing the lock file
[TestFileLocking] [ERROR] PROGRESS_TERMINATED
[TestFileLocking] [ERROR] Locker process started
[TestFileLocking] [ERROR] blocking=true
[TestFileLocking] [ERROR] PROGRESS_WAITING
[TestFileLocking] [ERROR] Locker process blocking lock on /var/folders/rf/bxrn47l50p10w_c15gzhvjxm0000gn/T/lockDir/lockFile succeeded
[TestFileLocking] [ERROR] PROGRESS_LOCKED
[TestFileLocking] [ERROR] received stop
[TestFileLocking] [ERROR] Locker process stopping
[TestFileLocking] [ERROR] closing the lock file
[TestFileLocking] [ERROR] PROGRESS_TERMINATED
[TestFileLocking] [ERROR] Locker process started
[TestFileLocking] [ERROR] blocking=false
[TestFileLocking] [ERROR] Locker process non-blocking lock on /var/folders/rf/bxrn47l50p10w_c15gzhvjxm0000gn/T/lockDir/lockFile failed
[TestFileLocking] [ERROR] PROGRESS_LOCK_FAILED
[TestFileLocking] [ERROR] received stop
[TestFileLocking] [ERROR] Locker process stopping
[TestFileLocking] [ERROR] closing the lock file
[TestFileLocking] [ERROR] PROGRESS_TERMINATED
[TestFileLocking] [ERROR] Locker process started
[TestFileLocking] [ERROR] blocking=true
[TestFileLocking] [ERROR] PROGRESS_WAITING
[TestFileLocking] [ERROR] Locker process blocking lock on /var/folders/rf/bxrn47l50p10w_c15gzhvjxm0000gn/T/lockDir/lockFile succeeded
[TestFileLocking] [ERROR] PROGRESS_LOCKED
[TestFileLocking] [ERROR] received stop
[TestFileLocking] [ERROR] Locker process stopping
[TestFileLocking] [ERROR] closing the lock file
[TestFileLocking] [ERROR] PROGRESS_TERMINATED
[TestFileLocking] [ERROR] Locker process started
[TestFileLocking] [ERROR] blocking=false
[TestFileLocking] [ERROR] Locker process non-blocking lock on /var/folders/rf/bxrn47l50p10w_c15gzhvjxm0000gn/T/lockDir/lockFile failed
[TestFileLocking] [ERROR] PROGRESS_LOCK_FAILED
[TestFileLocking] [ERROR] received stop
[TestFileLocking] [ERROR] Locker process stopping
[TestFileLocking] [ERROR] closing the lock file
[TestFileLocking] [ERROR] PROGRESS_TERMINATED
[TestFileLocking] [ERROR] Locker process started
[TestFileLocking] [ERROR] blocking=true
[TestFileLocking] [ERROR] PROGRESS_WAITING
[TestFileLocking] [ERROR] Locker process blocking lock on /var/folders/rf/bxrn47l50p10w_c15gzhvjxm0000gn/T/lockDir/lockFile succeeded
[TestFileLocking] [ERROR] PROGRESS_LOCKED
[TestFileLocking] [ERROR] received stop
[TestFileLocking] [ERROR] Locker process stopping
[TestFileLocking] [ERROR] closing the lock file
[TestFileLocking] [ERROR] PROGRESS_TERMINATED
[TestFileLocking] [ERROR] Error: Port Library failed to initialize: -1
[TestFileLocking] [ERROR] Error: Could not create the Java Virtual Machine.
[TestFileLocking] [ERROR] Error: A fatal exception has occurred. Program will exit.
[TestFileLocking] [ERROR] Locker process started
[TestFileLocking] [ERROR] blocking=true
[TestFileLocking] [ERROR] PROGRESS_WAITING
[TestFileLocking] [ERROR] Locker process blocking lock on /var/folders/rf/bxrn47l50p10w_c15gzhvjxm0000gn/T/lockDir/lockFile succeeded
[TestFileLocking] [ERROR] PROGRESS_LOCKED
[TestFileLocking] [ERROR] received stop
[TestFileLocking] [ERROR] Locker process stopping
[TestFileLocking] [ERROR] closing the lock file
[TestFileLocking] [ERROR] PROGRESS_TERMINATED
[TestFileLocking] [ERROR] Locker process started
[TestFileLocking] [ERROR] blocking=false
[TestFileLocking] [ERROR] Locker process non-blocking lock on /var/folders/rf/bxrn47l50p10w_c15gzhvjxm0000gn/T/lockDir/lockFile failed
[TestFileLocking] [ERROR] PROGRESS_LOCK_FAILED
[TestFileLocking] [ERROR] received stop
[TestFileLocking] [ERROR] Locker process stopping
[TestFileLocking] [ERROR] closing the lock file
[TestFileLocking] [ERROR] PROGRESS_TERMINATED
[TestFileLocking] [ERROR] Locker process started
[TestFileLocking] [ERROR] blocking=true
[TestFileLocking] [ERROR] PROGRESS_WAITING
[TestFileLocking] [ERROR] Locker process blocking lock on /var/folders/rf/bxrn47l50p10w_c15gzhvjxm0000gn/T/lockDir/lockFile succeeded
[TestFileLocking] [ERROR] PROGRESS_LOCKED
[TestFileLocking] [ERROR] received stop
[TestFileLocking] [ERROR] Locker process stopping
[TestFileLocking] [ERROR] closing the lock file
[TestFileLocking] [ERROR] PROGRESS_TERMINATED
[TestFileLocking] [ERROR] Locker process started
[TestFileLocking] [ERROR] blocking=false
[TestFileLocking] [ERROR] Locker process non-blocking lock on /var/folders/rf/bxrn47l50p10w_c15gzhvjxm0000gn/T/lockDir/lockFile failed
[TestFileLocking] [ERROR] PROGRESS_LOCK_FAILED
[TestFileLocking] [ERROR] received stop
[TestFileLocking] [ERROR] Locker process stopping
[TestFileLocking] [ERROR] closing the lock file
[TestFileLocking] [ERROR] PROGRESS_TERMINATED
[TestFileLocking] [ERROR] Locker process started
[TestFileLocking] [ERROR] blocking=true
[TestFileLocking] [ERROR] PROGRESS_WAITING
[TestFileLocking] [ERROR] Locker process blocking lock on /var/folders/rf/bxrn47l50p10w_c15gzhvjxm0000gn/T/lockDir/lockFile succeeded
[TestFileLocking] [ERROR] PROGRESS_LOCKED
[TestFileLocking] [ERROR] received stop
[TestFileLocking] [ERROR] Locker process stopping
[TestFileLocking] [ERROR] closing the lock file
[TestFileLocking] [ERROR] PROGRESS_TERMINATED
[TestFileLocking] [ERROR] Locker process started
[TestFileLocking] [ERROR] blocking=false
[TestFileLocking] [ERROR] Locker process non-blocking lock on /var/folders/rf/bxrn47l50p10w_c15gzhvjxm0000gn/T/lockDir/lockFile failed
[TestFileLocking] [ERROR] PROGRESS_LOCK_FAILED
[TestFileLocking] [ERROR] received stop
[TestFileLocking] [ERROR] Locker process stopping
[TestFileLocking] [ERROR] closing the lock file
[TestFileLocking] [ERROR] PROGRESS_TERMINATED
[TestFileLocking] [ERROR] Locker process started
[TestFileLocking] [ERROR] blocking=true
[TestFileLocking] [ERROR] PROGRESS_WAITING
[TestFileLocking] [ERROR] Locker process blocking lock on /var/folders/rf/bxrn47l50p10w_c15gzhvjxm0000gn/T/lockDir/lockFile succeeded
[TestFileLocking] [ERROR] PROGRESS_LOCKED
[TestFileLocking] [ERROR] received stop
[TestFileLocking] [ERROR] Locker process stopping
[TestFileLocking] [ERROR] closing the lock file
[TestFileLocking] [ERROR] PROGRESS_TERMINATED
[TestFileLocking] [ERROR] Locker process started
[TestFileLocking] [ERROR] blocking=false
[TestFileLocking] [ERROR] Locker process non-blocking lock on /var/folders/rf/bxrn47l50p10w_c15gzhvjxm0000gn/T/lockDir/lockFile failed
[TestFileLocking] [ERROR] PROGRESS_LOCK_FAILED
[TestFileLocking] [ERROR] received stop
[TestFileLocking] [ERROR] Locker process stopping
[TestFileLocking] [ERROR] closing the lock file
[TestFileLocking] [ERROR] PROGRESS_TERMINATED
PASSED: testCB_CB
PASSED: testCB_CN
PASSED: testCB_JB
PASSED: testCB_JN
PASSED: testCN_CB
PASSED: testCN_CN
PASSED: testCN_JB
PASSED: testJB_CB
PASSED: testJB_CN
PASSED: testJB_JB
PASSED: testJB_JN
PASSED: testJN_CB
PASSED: testJN_CN
PASSED: testJN_JB
PASSED: testJN_JN
PASSED: testNativeFileLocking_sanity
FAILED: testCN_JN
java.lang.AssertionError: locker process lock operation did not fail expected:<PROGRESS_LOCK_FAILED> but was:<null>
	at org.testng.AssertJUnit.assertEquals(AssertJUnit.java:101)
	at org.openj9.test.fileLock.TestFileLocking.contendForLock(TestFileLocking.java:145)
	at org.openj9.test.fileLock.TestFileLocking.testCN_JN(TestFileLocking.java:394)
	at sun.reflect.NativeMethodAccessorImpl.invoke0(Native Method)
	at sun.reflect.NativeMethodAccessorImpl.invoke(NativeMethodAccessorImpl.java:62)
	at sun.reflect.DelegatingMethodAccessorImpl.invoke(DelegatingMethodAccessorImpl.java:43)
	at java.lang.reflect.Method.invoke(Method.java:498)
	at org.testng.internal.MethodInvocationHelper.invokeMethod(MethodInvocationHelper.java:124)
	at org.testng.internal.Invoker.invokeMethod(Invoker.java:580)
	at org.testng.internal.Invoker.invokeTestMethod(Invoker.java:716)
	at org.testng.internal.Invoker.invokeTestMethods(Invoker.java:988)
	at org.testng.internal.TestMethodWorker.invokeTestMethods(TestMethodWorker.java:125)
	at org.testng.internal.TestMethodWorker.run(TestMethodWorker.java:109)
	at org.testng.TestRunner.privateRun(TestRunner.java:648)
	at org.testng.TestRunner.run(TestRunner.java:505)
	at org.testng.SuiteRunner.runTest(SuiteRunner.java:455)
	at org.testng.SuiteRunner.runSequentially(SuiteRunner.java:450)
	at org.testng.SuiteRunner.privateRun(SuiteRunner.java:415)
	at org.testng.SuiteRunner.run(SuiteRunner.java:364)
	at org.testng.SuiteRunnerWorker.runSuite(SuiteRunnerWorker.java:52)
	at org.testng.SuiteRunnerWorker.run(SuiteRunnerWorker.java:84)
	at org.testng.TestNG.runSuitesSequentially(TestNG.java:1208)
	at org.testng.TestNG.runSuitesLocally(TestNG.java:1137)
	at org.testng.TestNG.runSuites(TestNG.java:1049)
	at org.testng.TestNG.run(TestNG.java:1017)
	at org.testng.TestNG.privateMain(TestNG.java:1354)
	at org.testng.TestNG.main(TestNG.java:1323)
```